터미널 발생 에러

$ pnpm dev

> pleaseCheckYourDays@ dev E:\pleaseCheckYourDays
> pnpm -r --parallel dev

Scope: 2 of 3 workspace projects
frontend dev$ vite
backend dev$ tsx watch src/index.ts
frontend dev:   VITE v7.1.3  ready in 246 ms
frontend dev:   ➜  Local:   http://localhost:5173/
frontend dev:   ➜  Network: use --host to expose
backend dev: [Passport] Loading JWT Secret from env: a-very-super-secret-key-that-should-be-changed-in-production
backend dev: [Passport] Strategy options set with secret.
backend dev: API on http://localhost:4001
frontend dev: 오후 5:41:19 [vite] Internal server error: Failed to resolve import "./pages/GoalsPage" from "src/App.tsx". Does the file exist?
frontend dev:   Plugin: vite:import-analysis
frontend dev:   File: E:/pleaseCheckYourDays/frontend/src/App.tsx:11:22
frontend dev:   23 |  import LoginPage from "./pages/LoginPage";
frontend dev:   24 |  import SignupPage from "./pages/SignupPage";
frontend dev:   25 |  import GoalsPage from "./pages/GoalsPage";
frontend dev:      |                         ^
frontend dev:   26 |  import DashboardPage from "./pages/DashboardPage";
frontend dev:   27 |  const ProtectedRoute = () => {
frontend dev:       at TransformPluginContext._formatLog (file:///E:/pleaseCheckYourDays/node_modules/.pnpm/vite@7.1.3_@types+node@24.3.0_tsx@4.20.5/node_modules/vite/dist/node/chunks/dep-Bj7gA1-0.js:31422:43)
frontend dev:       at TransformPluginContext.error (file:///E:/pleaseCheckYourDays/node_modules/.pnpm/vite@7.1.3_@types+node@24.3.0_tsx@4.20.5/node_modules/vite/dist/node/chunks/dep-Bj7gA1-0.js:31419:14)
frontend dev:       at normalizeUrl (file:///E:/pleaseCheckYourDays/node_modules/.pnpm/vite@7.1.3_@types+node@24.3.0_tsx@4.20.5/node_modules/vite/dist/node/chunks/dep-Bj7gA1-0.js:29891:18)        
frontend dev:       at process.processTicksAndRejections (node:internal/process/task_queues:105:5)
frontend dev:       at async file:///E:/pleaseCheckYourDays/node_modules/.pnpm/vite@7.1.3_@types+node@24.3.0_tsx@4.20.5/node_modules/vite/dist/node/chunks/dep-Bj7gA1-0.js:29949:32
frontend dev:       at async Promise.all (index 10)
frontend dev:       at async TransformPluginContext.transform (file:///E:/pleaseCheckYourDays/node_modules/.pnpm/vite@7.1.3_@types+node@24.3.0_tsx@4.20.5/node_modules/vite/dist/node/chunks/dep-Bj7gA1-0.js:29917:4)
frontend dev:       at async EnvironmentPluginContainer.transform (file:///E:/pleaseCheckYourDays/node_modules/.pnpm/vite@7.1.3_@types+node@24.3.0_tsx@4.20.5/node_modules/vite/dist/node/chunks/dep-Bj7gA1-0.js:31220:14)
frontend dev:       at async loadAndTransform (file:///E:/pleaseCheckYourDays/node_modules/.pnpm/vite@7.1.3_@types+node@24.3.0_tsx@4.20.5/node_modules/vite/dist/node/chunks/dep-Bj7gA1-0.js:26307:26)
frontend dev: 오후 5:41:19 [vite] (client) Pre-transform error: Failed to resolve import "./pages/GoalsPage" from "src/App.tsx". Does the file exist?
frontend dev:   Plugin: vite:import-analysis
frontend dev:   File: E:/pleaseCheckYourDays/frontend/src/App.tsx:11:22
frontend dev:   23 |  import LoginPage from "./pages/LoginPage";
frontend dev:   24 |  import SignupPage from "./pages/SignupPage";
frontend dev:   25 |  import GoalsPage from "./pages/GoalsPage";
frontend dev:      |                         ^
frontend dev:   26 |  import DashboardPage from "./pages/DashboardPage";
frontend dev:   27 |  const ProtectedRoute = () => {


페이지 에러창
[plugin:vite:import-analysis] Failed to resolve import "./pages/GoalsPage" from "src/App.tsx". Does the file exist?
E:/pleaseCheckYourDays/frontend/src/App.tsx:11:22
23 |  import LoginPage from "./pages/LoginPage";
24 |  import SignupPage from "./pages/SignupPage";
25 |  import GoalsPage from "./pages/GoalsPage";
   |                         ^
26 |  import DashboardPage from "./pages/DashboardPage";
27 |  const ProtectedRoute = () => {
    at TransformPluginContext._formatLog (file:///E:/pleaseCheckYourDays/node_modules/.pnpm/vite@7.1.3_@types+node@24.3.0_tsx@4.20.5/node_modules/vite/dist/node/chunks/dep-Bj7gA1-0.js:31422:43)
    at TransformPluginContext.error (file:///E:/pleaseCheckYourDays/node_modules/.pnpm/vite@7.1.3_@types+node@24.3.0_tsx@4.20.5/node_modules/vite/dist/node/chunks/dep-Bj7gA1-0.js:31419:14)
    at normalizeUrl (file:///E:/pleaseCheckYourDays/node_modules/.pnpm/vite@7.1.3_@types+node@24.3.0_tsx@4.20.5/node_modules/vite/dist/node/chunks/dep-Bj7gA1-0.js:29891:18)
    at process.processTicksAndRejections (node:internal/process/task_queues:105:5)
    at async file:///E:/pleaseCheckYourDays/node_modules/.pnpm/vite@7.1.3_@types+node@24.3.0_tsx@4.20.5/node_modules/vite/dist/node/chunks/dep-Bj7gA1-0.js:29949:32
    at async Promise.all (index 10)
    at async TransformPluginContext.transform (file:///E:/pleaseCheckYourDays/node_modules/.pnpm/vite@7.1.3_@types+node@24.3.0_tsx@4.20.5/node_modules/vite/dist/node/chunks/dep-Bj7gA1-0.js:29917:4)
    at async EnvironmentPluginContainer.transform (file:///E:/pleaseCheckYourDays/node_modules/.pnpm/vite@7.1.3_@types+node@24.3.0_tsx@4.20.5/node_modules/vite/dist/node/chunks/dep-Bj7gA1-0.js:31220:14)
    at async loadAndTransform (file:///E:/pleaseCheckYourDays/node_modules/.pnpm/vite@7.1.3_@types+node@24.3.0_tsx@4.20.5/node_modules/vite/dist/node/chunks/dep-Bj7gA1-0.js:26307:26)
Click outside, press Esc key, or fix the code to dismiss.
You can also disable this overlay by setting server.hmr.overlay to false in vite.config.ts.